# Logfile created on Thu Jun 03 10:43:59 +0200 2010

Processing DemoController#without_ssl (for 127.0.0.1 at 2010-06-03 10:44:03) [GET]
Rendering demo/without_ssl
Completed in 39ms (View: 36, DB: 0) | 200 OK [http://www.example.com/without_ssl]


Processing DemoController#with_ssl (for 127.0.0.1 at 2010-06-03 10:44:03) [GET]
Redirected to https://www.example.com/with_ssl
Filter chain halted as [:ensure_proper_protocol] rendered_or_redirected.
Completed in 45ms (DB: 0) | 302 Found [http://www.example.com/with_ssl]


Processing DemoController#with_ssl (for 127.0.0.1 at 2010-06-03 10:44:03) [GET]
Rendering demo/with_ssl
Completed in 1ms (View: 1, DB: 0) | 200 OK [https://www.example.com/with_ssl]


Processing DemoController#without_ssl (for 127.0.0.1 at 2010-06-03 10:44:17) [GET]
Rendering demo/without_ssl
Completed in 10ms (View: 7, DB: 0) | 200 OK [http://www.example.com/without_ssl]


Processing DemoController#with_ssl (for 127.0.0.1 at 2010-06-03 10:44:17) [GET]
Redirected to https://www.example.com/with_ssl
Filter chain halted as [:ensure_proper_protocol] rendered_or_redirected.
Completed in 47ms (DB: 0) | 302 Found [http://www.example.com/with_ssl]


Processing DemoController#with_ssl (for 127.0.0.1 at 2010-06-03 10:44:17) [GET]
Rendering demo/with_ssl
Completed in 1ms (View: 1, DB: 0) | 200 OK [https://www.example.com/with_ssl]


Processing DemoController#without_ssl (for 127.0.0.1 at 2010-06-03 10:44:37) [GET]
Rendering demo/without_ssl
Completed in 10ms (View: 7, DB: 0) | 200 OK [http://www.example.com/without_ssl]


Processing DemoController#with_ssl (for 127.0.0.1 at 2010-06-03 10:44:37) [GET]
Redirected to https://www.example.com/with_ssl
Filter chain halted as [:ensure_proper_protocol] rendered_or_redirected.
Completed in 45ms (DB: 0) | 302 Found [http://www.example.com/with_ssl]


Processing DemoController#with_ssl (for 127.0.0.1 at 2010-06-03 10:44:37) [GET]
Rendering demo/with_ssl
Completed in 1ms (View: 1, DB: 0) | 200 OK [https://www.example.com/with_ssl]


Processing DemoController#without_ssl (for 127.0.0.1 at 2010-06-03 10:44:51) [GET]
Rendering demo/without_ssl
Completed in 10ms (View: 7, DB: 0) | 200 OK [http://www.example.com/without_ssl]


Processing DemoController#with_ssl (for 127.0.0.1 at 2010-06-03 10:44:51) [GET]
Redirected to https://www.example.com/with_ssl
Filter chain halted as [:ensure_proper_protocol] rendered_or_redirected.
Completed in 47ms (DB: 0) | 302 Found [http://www.example.com/with_ssl]


Processing DemoController#with_ssl (for 127.0.0.1 at 2010-06-03 10:44:51) [GET]
Rendering demo/with_ssl
Completed in 1ms (View: 1, DB: 0) | 200 OK [https://www.example.com/with_ssl]


Processing DemoController#without_ssl (for 127.0.0.1 at 2010-06-03 10:44:51) [GET]
Rendering demo/without_ssl
Completed in 3ms (View: 2, DB: 0) | 200 OK [http://www.example.com/without_ssl]


Processing DemoController#form (for 127.0.0.1 at 2010-06-03 11:01:02) [GET]
Redirected to https://www.example.com/form
Filter chain halted as [:ensure_proper_protocol] rendered_or_redirected.
Completed in 3ms (DB: 0) | 302 Found [http://www.example.com/form]


Processing DemoController#form (for 127.0.0.1 at 2010-06-03 11:01:02) [GET]
Rendering demo/form
Completed in 53ms (View: 50, DB: 0) | 200 OK [https://www.example.com/form]


Processing DemoController#form_target (for 127.0.0.1 at 2010-06-03 11:01:02) [POST]
  Parameters: {"commit"=>"Submit"}
Redirected to https://www.example.com/form_target
Filter chain halted as [:ensure_proper_protocol] rendered_or_redirected.
Completed in 1ms (DB: 0) | 302 Found [http://www.example.com/form_target]


Processing ApplicationController#index (for 127.0.0.1 at 2010-06-03 11:01:02) [GET]


Processing DemoController#form (for 127.0.0.1 at 2010-06-03 11:02:40) [GET]
Redirected to https://www.example.com/form
Filter chain halted as [:ensure_proper_protocol] rendered_or_redirected.
Completed in 3ms (DB: 0) | 302 Found [http://www.example.com/form]


Processing DemoController#form (for 127.0.0.1 at 2010-06-03 11:02:40) [GET]
Rendering demo/form
Completed in 57ms (View: 52, DB: 0) | 200 OK [https://www.example.com/form]


Processing DemoController#form_target (for 127.0.0.1 at 2010-06-03 11:02:40) [POST]
  Parameters: {"commit"=>"Submit"}
Redirected to https://www.example.com/form_target
Filter chain halted as [:ensure_proper_protocol] rendered_or_redirected.
Completed in 2ms (DB: 0) | 302 Found [http://www.example.com/form_target]


Processing ApplicationController#index (for 127.0.0.1 at 2010-06-03 11:02:40) [GET]


Processing DemoController#form (for 127.0.0.1 at 2010-06-03 11:03:14) [GET]
Redirected to https://www.example.com/form
Filter chain halted as [:ensure_proper_protocol] rendered_or_redirected.
Completed in 3ms (DB: 0) | 302 Found [http://www.example.com/form]


Processing DemoController#form (for 127.0.0.1 at 2010-06-03 11:03:14) [GET]
Rendering demo/form
Completed in 54ms (View: 51, DB: 0) | 200 OK [https://www.example.com/form]


Processing DemoController#form_target (for 127.0.0.1 at 2010-06-03 11:03:14) [POST]
  Parameters: {"commit"=>"Submit"}
Redirected to https://www.example.com/form_target
Filter chain halted as [:ensure_proper_protocol] rendered_or_redirected.
Completed in 1ms (DB: 0) | 302 Found [http://www.example.com/form_target]


Processing ApplicationController#index (for 127.0.0.1 at 2010-06-03 11:03:14) [GET]


Processing DemoController#form (for 127.0.0.1 at 2010-06-03 11:04:53) [GET]
Redirected to https://www.example.com/form
Filter chain halted as [:ensure_proper_protocol] rendered_or_redirected.
Completed in 3ms (DB: 0) | 302 Found [http://www.example.com/form]


Processing DemoController#form (for 127.0.0.1 at 2010-06-03 11:04:53) [GET]
Rendering demo/form
Completed in 54ms (View: 51, DB: 0) | 200 OK [https://www.example.com/form]


Processing DemoController#form_target (for 127.0.0.1 at 2010-06-03 11:04:53) [POST]
  Parameters: {"commit"=>"Submit"}
Redirected to https://www.example.com/form_target
Filter chain halted as [:ensure_proper_protocol] rendered_or_redirected.
Completed in 1ms (DB: 0) | 302 Found [http://www.example.com/form_target]


Processing ApplicationController#index (for 127.0.0.1 at 2010-06-03 11:04:53) [GET]


Processing DemoController#form (for 127.0.0.1 at 2010-06-03 11:05:44) [GET]
Redirected to https://www.example.com/form
Filter chain halted as [:ensure_proper_protocol] rendered_or_redirected.
Completed in 3ms (DB: 0) | 302 Found [http://www.example.com/form]


Processing DemoController#form (for 127.0.0.1 at 2010-06-03 11:05:44) [GET]
Rendering demo/form
Completed in 54ms (View: 51, DB: 0) | 200 OK [https://www.example.com/form]


Processing DemoController#form_target (for 127.0.0.1 at 2010-06-03 11:05:44) [POST]
  Parameters: {"commit"=>"Submit"}
Redirected to https://www.example.com/form_target
Filter chain halted as [:ensure_proper_protocol] rendered_or_redirected.
Completed in 1ms (DB: 0) | 302 Found [http://www.example.com/form_target]


Processing ApplicationController#index (for 127.0.0.1 at 2010-06-03 11:05:44) [GET]


Processing DemoController#form (for 127.0.0.1 at 2010-06-03 11:07:09) [GET]
Redirected to https://www.example.com/form
Filter chain halted as [:ensure_proper_protocol] rendered_or_redirected.
Completed in 3ms (DB: 0) | 302 Found [http://www.example.com/form]


Processing DemoController#form (for 127.0.0.1 at 2010-06-03 11:07:09) [GET]
Rendering demo/form
Completed in 56ms (View: 52, DB: 0) | 200 OK [https://www.example.com/form]


Processing DemoController#form_target (for 127.0.0.1 at 2010-06-03 11:07:09) [POST]
  Parameters: {"commit"=>"Submit"}
Redirected to https://www.example.com/form_target
Filter chain halted as [:ensure_proper_protocol] rendered_or_redirected.
Completed in 3ms (DB: 0) | 302 Found [http://www.example.com/form_target]


Processing ApplicationController#index (for 127.0.0.1 at 2010-06-03 11:07:09) [GET]


Processing DemoController#form (for 127.0.0.1 at 2010-06-03 11:14:51) [GET]
Redirected to https://www.example.com/form
Filter chain halted as [:ensure_proper_protocol] rendered_or_redirected.
Completed in 3ms (DB: 0) | 302 Found [http://www.example.com/form]


Processing DemoController#form (for 127.0.0.1 at 2010-06-03 11:14:51) [GET]
Rendering demo/form
Completed in 55ms (View: 52, DB: 0) | 200 OK [https://www.example.com/form]


Processing DemoController#form_target (for 127.0.0.1 at 2010-06-03 11:14:51) [POST]
  Parameters: {"commit"=>"Submit"}
Redirected to https://www.example.com/form_target
Filter chain halted as [:ensure_proper_protocol] rendered_or_redirected.
Completed in 3ms (DB: 0) | 302 Found [http://www.example.com/form_target]


Processing ApplicationController#index (for 127.0.0.1 at 2010-06-03 11:14:51) [GET]
